START ../src/Arduino-DTSU666H_PowerMeter.cpp
Version 1.0 from Sep 19 2023_
Serial plotter mode enabled
Voltage Current_x_10_Line_1 Power_of_Line1_is_5
4 0
11 0
17 0
24 0
31 0
37 0
42 0
54 0
60 0
67 0
75 0
78 0
83 0
89 0
97 0
106 0
110 0
126 0
131 0
138 0
152 0
152 0
163 0
168 0
170 0
185 0
186 0
199 0
206 0
206 0
224 0
225 0
236 0
243 0
241 0
261 0
262 0
267 0
280 0
277 0
295 0
297 0
297 0
316 0
312 0
326 0
330 0
326 0
346 0
342 0
353 0
360 0
354 0
376 0
371 0
376 0
389 0
381 0
400 0
399 0
399 0
415 0
408 0
425 0
428 0
422 0
441 0
433 0
446 0
453 0
444 0
465 0
460 0
466 0
477 0
467 0
489 0
486 0
486 0
502 0
492 0
510 0
510 0
507 0
526 0
515 0
529 0
536 0
528 0
550 0
541 0
550 0
561 0
551 0
574 0
568 0
571 0
586 0
575 0
597 0
595 0
594 0
613 0
601 0
618 0
622 0
617 0
638 0
627 0
639 0
647 0
638 0
659 0
650 0
657 0
670 0
658 0
678 0
673 0
673 0
688 0
674 0
692 0
692 0
688 0
706 0
691 0
704 0
708 0
700 0
718 0
705 0
713 0
723 0
710 0
728 0
718 0
720 0
735 0
719 0
734 0
732 0
729 0
745 0
729 0
742 0
743 0
736 0
753 0
739 0
747 0
753 0
741 0
758 10
748 0
750 0
760 10
746 10
761 0
755 10
752 10
766 10
751 10
762 10
761 10
755 10
771 10
755 10
763 10
767 10
757 10
771 0
758 10
762 10
771 20
760 10
771 10
764 20
762 10
775 10
760 10
771 20
769 20
764 10
778 10
761 20
771 10
774 10
764 20
779 20
764 20
771 20
777 20
766 20
780 20
769 20
771 20
781 30
766 20
780 30
774 30
769 30
783 30
768 20
778 20
777 30
771 20
784 30
768 30
775 30
782 30
771 30
783 30
771 30
775 30
783 30
769 30
782 30
775 30
774 30
784 30
768 30
780 30
777 30
773 30
785 30
769 30
779 30
781 30
771 30
785 30
771 30
775 30
782 30
771 40
783 30
773 30
774 30
783 30
769 30
779 20
774 30
769 30
779 30
760 30
766 30
763 30
752 30
762 30
743 20
746 20
745 10
729 10
739 20
721 10
718 10
721 20
702 10
710 10
697 10
688 10
696 10
672 10
679 10
671 0
658 0
668 0
646 0
648 0
646 0
629 0
639 0
620 0
619 0
620 0
601 0
612 0
597 0
590 0
595 0
575 0
583 0
574 0
562 0
569 0
550 0
556 0
550 0
536 0
545 0
526 0
527 0
524 0
506 0
518 0
501 0
496 0
498 0
479 0
489 0
476 0
467 0
472 0
453 0
460 0
450 0
437 0
446 0
429 0
432 0
425 0
409 0
419 0
405 0
403 0
401 0
384 0
394 0
383 0
377 0
380 0
364 0
371 0
361 0
352 0
357 0
342 0
345 0
339 0
325 0
333 0
320 0
319 0
316 0
300 0
307 0
297 0
290 0
290 0
276 0
281 0
272 0
263 0
265 0
252 0
252 0
245 0
233 0
236 0
224 0
222 0
216 0
201 0
202 0
192 0
188 0
181 0
167 0
168 0
159 0
152 0
145 0
135 0
133 0
125 0
114 0
111 0
102 0
97 0
89 0
79 0
76 0
68 0
62 0
56 0
48 0
44 0
35 0
29 0
25 0
16 0
10 0
5 0
0 0

Voltage Current_x_10_Line_1 Power_of_Line1_is_5
6 0
12 0
19 0
25 0
30 0
39 0
46 0
54 0
62 0
66 0
71 0
77 0
83 0
93 0
97 0
112 0
117 0
121 0
134 0
137 0
147 0
152 0
153 0
167 0
170 0
181 0
188 0
188 0
206 0
207 0
216 0
224 0
223 0
240 0
243 0
248 0
262 0
259 0
275 0
280 0
278 0
296 0
294 0
306 0
313 0
307 0
329 0
327 0
334 0
344 0
339 0
360 0
359 0
361 0
377 0
369 0
388 0
389 0
386 0
405 0
398 0
413 0
418 0
412 0
432 0
425 0
435 0
445 0
435 0
457 0
453 0
455 0
470 0
460 0
480 0
479 0
476 0
493 0
483 0
499 0
502 0
496 0
517 0
508 0
517 0
524 0
515 0
540 0
531 0
536 0
549 0
538 0
560 0
556 0
557 0
574 0
561 0
579 0
583 0
580 0
600 0
590 0
604 0
611 0
604 0
627 0
617 0
625 0
638 0
627 0
649 0
643 0
646 0
662 0
649 0
668 0
668 0
665 0
684 0
670 0
684 0
688 0
681 0
700 0
686 0
697 0
705 0
694 0
713 0
704 0
707 0
718 0
705 0
721 0
717 0
716 0
730 0
716 0
729 0
729 0
723 0
741 0
726 0
737 0
743 0
732 0
750 0
738 0
743 0
751 0
738 0
754 0
746 10
745 10
760 10
743 0
757 10
754 0
748 10
765 10
749 10
758 10
760 10
753 10
768 10
752 10
760 0
766 10
753 10
768 10
758 10
760 10
770 20
755 10
768 10
762 10
760 10
773 10
757 10
768 20
768 20
760 10
775 20
760 20
767 0
771 10
761 20
775 20
762 20
766 20
775 10
761 10
775 10
768 20
767 20
780 20
764 20
775 20
772 20
766 20
781 20
764 30
773 20
777 20
768 20
782 20
768 30
773 20
780 20
768 20
780 30
771 20
771 30
781 30
766 30
780 20
774 30
770 30
782 30
767 30
777 30
778 30
769 30
782 30
768 30
775 30
780 30
769 30
782 30
771 30
774 30
782 30
768 30
780 30
773 30
771 30
782 30
768 30
777 30
775 30
768 30
780 30
764 20
770 30
771 30
760 30
771 20
752 20
752 20
755 20
737 10
747 10
732 20
728 20
732 10
711 10
718 10
707 10
698 10
707 10
684 10
688 10
684 0
668 0
678 0
657 0
657 0
658 0
639 0
649 0
633 0
629 0
632 0
613 0
622 0
610 0
601 0
608 0
586 0
594 0
588 0
575 0
583 0
563 0
568 0
563 0
546 0
557 0
540 0
537 0
537 0
518 0
529 0
514 0
506 0
510 0
492 0
499 0
489 0
477 0
483 0
465 0
470 0
462 0
448 0
455 0
440 0
440 0
435 0
419 0
430 0
415 0
410 0
412 0
394 0
403 0
393 0
384 0
388 0
372 0
378 0
370 0
358 0
365 0
352 0
352 0
348 0
333 0
341 0
329 0
326 0
323 0
309 0
318 0
307 0
300 0
302 0
287 0
291 0
284 0
273 0
276 0
264 0
265 0
258 0
243 0
249 0
238 0
234 0
228 0
213 0
216 0
207 0
199 0
197 0
184 0
184 0
175 0
163 0
161 0
152 0
149 0
140 0
128 0
126 0
116 0
111 0
103 0
93 0
90 0
81 0
75 0
69 0
60 0
54 0
48 0
41 0
35 0
28 0
24 0
17 0
8 0
1 0
0 0

Voltage Current_x_10_Line_2 Power_of_Line2_is_-1443
6 250
13 240
21 220
28 220
35 180
42 170
48 140
57 90
64 120
68 180
74 280
79 330
89 360
95 430
99 380
115 340
120 320
130 240
137 220
137 160
152 120
154 120
161 50
171 70
172 10
188 0
192 0
195 0
209 0
208 0
223 0
227 0
226 0
243 0
242 0
254 0
261 0
257 0
278 0
277 0
286 0
295 0
290 0
310 0
310 0
313 0
327 0
321 0
341 0
342 0
341 0
359 0
353 0
368 0
373 0
368 0
390 0
384 0
393 0
403 0
394 0
417 0
414 0
417 0
432 0
422 0
444 0
443 0
441 0
457 0
449 0
466 0
469 0
463 0
483 0
476 0
486 0
493 0
483 0
507 0
498 0
504 0
517 0
506 0
529 0
524 0
524 0
540 0
528 0
547 0
547 0
543 0
561 0
551 0
565 0
572 0
564 0
585 0
576 0
584 0
597 0
587 0
610 0
604 0
608 0
624 0
611 0
633 0
632 0
630 0
649 0
636 0
652 0
655 0
651 0
671 0
658 0
670 0
679 0
670 0
690 0
679 0
686 0
697 0
685 0
704 0
699 0
699 0
714 0
698 0
714 0
714 0
708 0
728 0
711 0
722 0
728 0
717 0
736 0
721 0
729 0
738 0
725 0
743 0
734 0
736 0
749 0
733 0
748 0
745 0
741 0
757 0
740 0
753 0
754 0
745 0
761 0
748 0
753 0
760 0
749 0
764 0
753 0
754 0
764 0
751 0
764 0
758 0
755 0
769 0
752 0
764 0
764 0
757 0
771 0
755 0
763 0
768 0
757 0
772 0
760 0
763 0
772 0
760 0
771 0
764 0
764 0
775 0
760 0
771 0
768 0
764 0
777 0
761 0
771 0
774 0
764 0
778 0
764 0
770 0
777 0
765 0
778 0
768 0
769 0
778 0
764 0
777 0
772 0
768 0
781 0
766 0
775 0
776 0
768 0
781 0
767 0
775 0
780 0
768 0
781 0
769 0
773 0
781 0
765 0
780 0
771 0
771 0
782 0
766 0
777 0
774 0
769 0
782 0
766 0
775 0
777 0
768 0
780 0
765 0
770 0
775 0
763 0
774 0
761 0
758 0
766 0
748 0
755 0
746 0
738 0
746 0
724 0
729 0
723 0
711 0
719 0
697 0
699 0
700 0
682 0
691 0
673 0
670 0
672 0
652 0
661 0
648 0
639 0
646 0
625 0
633 0
624 0
611 0
621 0
600 0
604 0
601 0
583 0
595 0
576 0
575 0
577 0
558 0
569 0
554 0
549 0
552 0
533 0
542 0
531 0
520 0
527 0
507 0
513 0
506 0
491 0
499 0
482 0
483 0
480 0
463 0
473 0
458 0
453 0
454 0
434 0
445 0
432 0
423 0
428 0
409 0
416 0
408 0
394 0
401 0
387 0
389 0
384 0
368 0
377 0
364 0
361 0
361 0
345 0
354 0
344 0
335 0
338 0
323 0
329 0
320 0
310 0
313 0
301 0
304 0
296 0
284 0
289 0
278 0
276 0
271 0
257 0
262 0
253 0
248 0
246 0
231 0
235 0
226 0
216 0
216 0
204 0
204 0
194 0
182 0
184 0
172 0
169 0
160 0
147 0
147 0
138 0
131 0
126 0
114 0
111 0
103 0
95 0
90 0
80 0
76 0
67 0
58 0
54 0
45 0
41 0
34 0
27 0
22 0
14 0
7 0
0 0
0 0

Voltage Current_x_10_Line_2 Power_of_Line2_is_-1445
5 200
11 190
19 210
25 190
33 150
40 140
45 120
56 90
61 120
66 180
76 260
79 310
85 350
90 410
96 350
106 320
110 280
124 200
131 170
133 120
149 110
152 100
160 30
166 50
166 0
181 0
184 0
192 0
202 0
201 0
218 0
221 0
224 0
238 0
236 0
250 0
254 0
254 0
271 0
270 0
282 0
289 0
285 0
304 0
304 0
312 0
322 0
317 0
337 0
337 0
339 0
355 0
348 0
368 0
369 0
367 0
385 0
380 0
393 0
399 0
392 0
414 0
408 0
415 0
426 0
417 0
440 0
435 0
440 0
453 0
444 0
464 0
463 0
461 0
478 0
468 0
484 0
487 0
481 0
504 0
494 0
504 0
514 0
504 0
526 0
519 0
522 0
536 0
524 0
546 0
543 0
543 0
560 0
547 0
565 0
568 0
563 0
583 0
574 0
588 0
595 0
588 0
609 0
601 0
608 0
622 0
611 0
633 0
627 0
630 0
647 0
633 0
652 0
654 0
652 0
670 0
655 0
671 0
675 0
668 0
689 0
675 0
686 0
696 0
685 0
704 0
694 0
700 0
712 0
697 0
716 0
711 0
709 0
723 0
708 0
723 0
723 0
718 0
736 0
720 0
730 0
736 0
726 0
743 0
732 0
737 0
748 0
734 0
750 0
743 0
743 0
756 0
740 0
754 0
753 0
746 0
761 0
746 0
755 0
760 0
748 0
764 0
752 0
755 0
764 0
752 0
766 0
755 0
755 0
768 0
753 0
766 0
761 0
757 0
771 0
755 0
766 0
766 0
758 0
774 0
758 0
765 0
771 0
760 0
774 0
761 0
765 0
775 0
761 0
774 0
768 0
764 0
777 0
761 0
773 0
771 0
766 0
780 0
764 0
773 0
777 0
766 0
780 0
766 0
771 0
778 0
766 0
780 0
770 0
769 0
782 0
766 0
777 0
773 0
769 0
782 0
766 0
775 0
778 0
769 0
782 0
768 0
775 0
780 0
768 0
780 0
770 0
773 0
782 0
766 0
780 0
773 0
771 0
782 0
766 0
777 0
775 0
769 0
782 0
766 0
774 0
776 0
766 0
777 0
762 0
762 0
768 0
752 0
761 0
749 0
743 0
750 0
729 0
736 0
728 0
717 0
725 0
702 0
706 0
702 0
686 0
696 0
675 0
675 0
677 0
659 0
668 0
652 0
645 0
649 0
629 0
639 0
627 0
617 0
625 0
604 0
611 0
604 0
590 0
600 0
580 0
582 0
579 0
563 0
574 0
557 0
553 0
556 0
537 0
547 0
536 0
526 0
531 0
511 0
519 0
510 0
496 0
504 0
487 0
489 0
483 0
468 0
476 0
460 0
460 0
457 0
440 0
449 0
435 0
430 0
432 0
414 0
423 0
412 0
401 0
408 0
391 0
396 0
387 0
376 0
383 0
368 0
369 0
366 0
350 0
358 0
346 0
344 0
342 0
326 0
334 0
323 0
316 0
318 0
304 0
307 0
300 0
288 0
293 0
281 0
281 0
275 0
261 0
268 0
256 0
253 0
249 0
236 0
239 0
229 0
222 0
220 0
207 0
208 0
199 0
188 0
188 0
176 0
174 0
167 0
153 0
153 0
143 0
138 0
130 0
120 0
117 0
108 0
101 0
96 0
85 0
80 0
72 0
64 0
60 0
50 0
46 0
37 0
29 0
25 0
18 0
12 0
5 0
0 0

Voltage Current_x_10_Line_3 Power_of_Line3_is_160
5 170
12 180
17 150
27 180
33 170
38 160
48 190
54 160
60 190
67 180
73 160
79 190
84 150
92 190
99 190
103 170
120 210
125 180
129 190
143 210
145 180
156 210
160 190
161 190
175 220
178 190
190 220
198 210
198 200
216 240
218 200
224 220
236 240
233 220
250 250
254 240
255 250
272 260
270 240
286 270
290 250
288 250
307 260
304 250
316 280
323 260
318 250
339 280
337 250
345 270
355 270
349 250
371 280
369 260
370 260
385 280
377 250
396 280
397 260
393 250
412 280
406 250
419 280
423 260
416 250
440 280
432 250
440 280
451 280
441 250
463 280
460 260
462 270
476 280
465 260
486 280
483 280
481 260
499 280
489 260
505 290
508 280
502 280
524 300
514 280
524 290
533 300
524 300
545 310
537 300
543 310
558 320
546 300
569 320
565 320
565 320
582 330
570 330
589 350
591 350
588 350
608 350
598 350
611 370
620 370
612 370
635 380
625 380
633 390
646 390
636 380
656 390
651 390
654 390
669 390
656 390
675 400
674 390
671 390
689 390
675 380
689 390
694 390
686 380
704 390
690 380
700 390
709 390
697 380
716 390
707 390
710 390
722 390
707 380
725 390
720 390
718 390
733 390
717 370
732 390
732 390
725 380
743 390
728 370
737 380
745 380
734 370
751 380
739 370
743 370
753 370
739 360
754 370
749 360
748 370
761 370
746 350
760 370
757 360
751 350
767 370
750 350
760 360
764 360
754 350
769 370
755 350
760 350
768 360
755 350
769 370
760 350
760 350
771 370
756 350
769 360
765 350
761 350
775 370
760 350
769 350
770 350
762 350
777 370
761 350
768 350
774 350
764 350
777 370
764 360
768 360
777 370
764 350
776 370
769 350
768 360
780 380
764 370
775 370
774 370
768 370
782 370
766 370
775 370
780 380
768 370
782 380
769 380
774 380
781 390
768 380
781 390
772 390
773 380
782 390
768 390
780 390
775 390
771 390
783 410
768 400
777 390
780 410
771 410
783 410
768 410
774 410
781 420
770 410
782 410
771 420
774 410
782 410
768 410
780 410
774 410
771 390
783 390
766 390
777 380
775 370
768 360
778 350
762 330
768 320
768 310
753 300
764 280
748 270
745 250
750 250
732 240
741 210
728 210
720 180
728 160
705 160
712 150
704 140
693 120
701 120
679 100
683 90
679 90
664 70
672 70
652 60
653 30
654 30
635 30
645 10
629 10
624 0
627 0
608 0
617 0
606 0
595 0
603 0
583 0
588 0
582 0
568 0
577 0
558 0
559 0
557 0
540 0
550 0
533 0
529 0
531 0
511 0
521 0
508 0
499 0
505 0
486 0
493 0
483 0
472 0
478 0
460 0
463 0
457 0
441 0
450 0
435 0
434 0
432 0
415 0
425 0
412 0
407 0
408 0
391 0
399 0
390 0
380 0
385 0
369 0
376 0
368 0
353 0
361 0
348 0
349 0
344 0
329 0
337 0
323 0
321 0
321 0
306 0
313 0
304 0
295 0
296 0
284 0
287 0
280 0
266 0
270 0
257 0
257 0
251 0
238 0
241 0
230 0
226 0
220 0
206 0
209 0
199 0
192 0
188 0
176 0
176 0
166 0
156 0
153 0
143 0
140 0
131 0
120 0
118 0
108 0
102 0
96 0
85 0
81 0
73 0
67 0
61 0
51 0
48 0
41 0
33 0
28 0
21 0
16 0
9 0
2 0
0 0

Voltage Current_x_10_Line_3 Power_of_Line3_is_159
6 180
12 160
19 190
25 160
31 170
41 180
46 150
56 180
61 160
66 170
73 190
77 160
88 190
94 170
97 160
113 190
120 170
127 190
135 190
136 180
149 220
153 180
158 210
169 210
170 180
185 220
190 190
192 210
207 240
207 190
222 240
227 220
225 220
243 240
243 240
254 250
262 240
259 240
280 260
280 240
284 260
297 260
293 240
312 280
313 250
313 260
330 260
325 250
344 280
345 250
344 260
362 280
357 250
369 280
376 270
370 250
391 280
387 250
393 280
405 260
396 250
416 280
415 250
416 260
432 270
423 250
441 280
442 260
440 260
457 280
449 260
462 280
467 260
461 260
482 290
475 260
482 280
493 280
482 280
504 290
499 280
501 280
515 290
504 280
525 300
523 290
521 290
540 300
528 280
543 310
547 310
542 300
562 320
552 310
563 320
573 330
563 320
588 330
579 330
584 340
600 340
589 350
612 350
608 350
608 370
627 380
615 370
633 380
636 370
632 380
652 380
639 380
652 390
659 390
652 390
673 390
664 380
671 390
682 390
671 390
690 390
684 390
686 390
700 390
686 370
704 390
702 390
698 390
716 390
700 390
713 390
716 390
709 390
728 390
713 390
721 390
729 390
718 380
735 390
724 380
728 380
739 380
725 370
742 390
736 370
736 370
750 380
733 350
748 370
748 370
739 360
756 370
740 360
750 370
755 360
743 350
761 380
748 350
751 360
761 370
748 350
763 370
755 350
753 350
767 370
752 350
764 350
761 350
755 350
769 350
753 350
762 370
765 350
757 350
772 360
758 350
763 350
770 350
758 350
772 370
762 350
764 350
774 350
760 350
771 370
768 350
764 350
777 370
761 350
771 350
771 350
764 350
779 370
763 360
770 370
775 360
765 360
779 380
767 370
770 360
780 380
765 380
778 380
771 370
769 370
781 380
765 380
777 380
775 390
769 390
783 400
768 390
774 390
778 410
770 390
783 400
769 390
774 410
782 410
768 410
782 410
773 410
773 410
783 420
768 410
780 410
774 430
771 410
783 430
768 420
777 420
778 430
770 420
783 420
769 420
775 410
780 410
770 410
781 400
769 390
771 380
780 380
764 350
774 350
765 330
760 310
768 300
749 290
755 280
750 260
739 250
748 240
726 220
729 210
728 190
711 170
720 160
702 150
700 130
702 120
682 120
690 100
675 90
669 80
674 60
653 60
660 50
651 50
639 30
647 20
627 10
632 0
627 0
611 0
622 0
603 0
604 0
604 0
586 0
597 0
581 0
576 0
580 0
560 0
571 0
559 0
548 0
553 0
536 0
543 0
536 0
521 0
529 0
509 0
512 0
508 0
491 0
501 0
485 0
481 0
481 0
463 0
473 0
459 0
451 0
454 0
435 0
444 0
433 0
422 0
428 0
412 0
415 0
408 0
393 0
403 0
389 0
388 0
386 0
369 0
380 0
368 0
362 0
364 0
348 0
355 0
345 0
335 0
339 0
325 0
329 0
321 0
310 0
317 0
304 0
304 0
300 0
285 0
292 0
281 0
277 0
275 0
260 0
265 0
256 0
248 0
248 0
233 0
236 0
227 0
216 0
216 0
204 0
204 0
195 0
182 0
184 0
173 0
167 0
160 0
147 0
147 0
137 0
129 0
124 0
113 0
112 0
103 0
93 0
89 0
79 0
76 0
67 0
58 0
54 0
46 0
41 0
34 0
27 0
22 0
16 0
9 0
2 0
0 0

Voltage Current_x_10_Line_0 Power_of_Line2_is_-1434
4 0
10 0
15 0
25 0
32 0
37 0
46 0
51 0
60 0
67 0
71 0
78 0
83 0
89 0
99 0
103 0
118 0
124 0
127 0
141 50
143 30
153 90
158 110
159 100
174 180
177 180
186 240
195 280
194 280
211 350
216 340
220 390
231 460
230 440
246 520
249 530
252 560
268 630
265 600
281 680
286 700
284 700
303 790
301 780
312 850
319 890
314 880
336 990
334 960
341 1000
352 1080
346 1060
367 1170
365 1170
366 1200
382 1280
376 1240
393 1340
394 1350
391 1350
410 1430
403 1380
415 1470
422 1530
414 1500
435 1600
430 1560
436 1620
448 1690
440 1660
462 1770
457 1760
458 1810
473 1920
463 1870
483 1980
481 1990
479 1990
498 2090
487 2020
501 2100
508 2110
499 2090
521 2200
511 2130
520 2200
531 2240
521 2170
543 2290
537 2240
541 2260
556 2330
544 2250
566 2360
563 2310
561 2310
580 2410
569 2330
585 2410
589 2410
585 2380
606 2470
595 2390
608 2450
618 2470
609 2410
632 2520
624 2460
630 2490
643 2550
633 2490
654 2590
649 2560
649 2580
668 2670
654 2590
671 2690
672 2690
668 2680
687 2750
673 2690
686 2770
691 2800
684 2750
704 2850
691 2800
700 2840
709 2880
697 2820
716 2930
706 2890
709 2900
723 2980
707 2910
723 3020
719 3000
716 2980
733 3060
717 3000
730 3070
732 3070
725 3040
742 3130
728 3060
737 3120
744 3140
733 3070
750 3160
738 3120
743 3130
753 3170
739 3100
754 3190
749 3160
746 3160
760 3210
745 3140
758 3210
755 3190
749 3170
765 3250
749 3180
757 3230
762 3230
753 3180
768 3250
754 3170
760 3190
768 3210
754 3150
768 3220
760 3160
760 3160
771 3200
755 3130
768 3190
765 3160
760 3130
774 3190
758 3100
768 3160
769 3130
760 3080
775 3150
761 3060
766 3090
774 3100
761 3020
775 3090
764 3020
768 3020
777 3050
762 2970
775 3030
769 2970
768 2950
780 3000
764 2900
775 2950
775 2930
768 2880
780 2950
766 2870
774 2910
777 2900
767 2840
782 2890
769 2820
773 2840
781 2840
768 2750
780 2820
773 2750
771 2740
782 2770
766 2680
777 2740
775 2700
771 2660
783 2720
768 2630
777 2680
780 2670
769 2610
783 2670
769 2590
775 2610
782 2620
768 2540
782 2610
771 2550
773 2540
783 2560
768 2480
780 2540
775 2490
771 2450
782 2520
766 2420
775 2490
775 2480
768 2430
780 2530
764 2480
766 2530
770 2570
756 2520
768 2630
750 2570
749 2620
754 2680
736 2610
743 2710
730 2660
723 2650
729 2710
707 2610
713 2690
705 2660
694 2620
702 2690
679 2590
684 2630
679 2620
664 2540
673 2630
654 2520
652 2540
653 2550
634 2450
644 2520
629 2430
624 2410
629 2450
608 2350
617 2410
607 2370
595 2330
605 2400
585 2300
590 2360
584 2330
569 2270
579 2360
560 2250
560 2270
560 2270
542 2200
553 2260
537 2170
533 2170
536 2200
515 2090
526 2160
513 2070
504 2040
508 2070
489 1960
496 2010
487 1950
473 1900
481 1940
463 1840
465 1850
460 1840
444 1750
454 1790
438 1690
435 1690
434 1690
416 1590
426 1630
414 1550
408 1530
409 1540
391 1430
400 1460
391 1400
380 1340
387 1360
371 1250
376 1270
368 1240
355 1150
361 1200
348 1100
348 1120
345 1100
329 1020
338 1050
327 970
322 960
321 970
305 880
313 900
304 830
295 800
298 830
284 740
288 760
280 730
268 690
273 710
261 640
259 660
254 640
240 600
245 620
233 560
229 560
224 570
210 510
211 540
203 490
194 480
192 490
179 420
178 420
169 390
158 350
157 370
145 310
142 300
135 280
122 240
121 240
112 190
105 180
98 170
88 140
85 140
77 100
70 90
63 110
54 90
49 120
41 120
35 120
30 140
24 140
18 120
12 100
4 90
0 90

Voltage Current_x_10_Line_0 Power_of_Line2_is_-1346
7 0
12 0
18 0
28 0
34 0
41 0
49 0
56 0
65 0
71 0
76 0
80 0
85 0
96 0
102 0
106 0
123 0
129 0
138 0
145 0
147 0
160 40
163 30
170 70
181 120
181 100
198 170
201 170
204 200
220 270
220 240
234 310
239 330
238 340
256 430
257 410
269 480
275 510
272 510
293 610
292 590
300 640
311 710
305 680
326 780
326 770
328 810
342 900
336 860
355 960
357 980
355 990
373 1100
368 1050
381 1150
385 1200
380 1200
400 1310
395 1270
403 1330
412 1370
403 1350
425 1470
422 1450
423 1470
438 1530
429 1480
449 1610
448 1600
446 1610
463 1720
454 1660
469 1760
473 1780
467 1770
488 1890
480 1840
489 1920
498 1970
489 1930
511 2040
504 1980
508 2010
524 2060
511 1990
533 2100
529 2060
529 2070
545 2160
536 2080
553 2170
556 2170
551 2140
572 2240
560 2160
573 2220
582 2230
574 2190
595 2290
588 2220
595 2260
608 2300
600 2240
621 2350
615 2300
617 2310
635 2390
623 2310
642 2400
642 2390
639 2380
659 2460
645 2400
660 2480
665 2480
658 2440
679 2550
666 2490
676 2540
686 2590
676 2540
696 2650
687 2610
691 2630
704 2700
690 2630
707 2720
704 2700
701 2690
718 2760
702 2700
716 2790
718 2780
711 2750
728 2860
711 2800
723 2850
729 2870
719 2810
737 2910
725 2860
732 2870
741 2930
728 2870
744 2960
737 2930
736 2930
752 2990
735 2910
749 3000
748 2970
743 2950
757 3020
742 2940
753 3000
757 3000
747 2950
764 3030
749 2950
755 3000
764 3010
751 2950
766 3040
757 2970
755 2980
768 3020
753 2950
766 3020
761 2970
758 2950
772 3000
755 2930
765 2980
767 2950
760 2910
774 2970
760 2890
766 2910
772 2910
761 2860
775 2930
764 2860
766 2860
775 2890
761 2800
774 2870
768 2820
766 2810
777 2840
762 2750
774 2800
774 2770
766 2720
780 2770
764 2700
773 2740
777 2730
768 2680
781 2730
768 2660
772 2680
780 2680
768 2610
781 2680
772 2620
771 2620
782 2650
766 2570
780 2630
775 2590
771 2550
783 2590
768 2500
777 2550
780 2520
771 2460
783 2530
769 2450
777 2480
782 2480
770 2400
783 2460
773 2400
775 2400
783 2420
768 2340
782 2410
775 2360
773 2330
784 2390
769 2310
780 2360
779 2330
771 2290
784 2350
768 2260
777 2310
781 2310
769 2250
782 2330
768 2260
771 2290
777 2330
763 2270
773 2380
761 2360
757 2380
765 2460
745 2400
752 2490
743 2480
734 2460
743 2540
719 2460
723 2540
720 2530
706 2480
716 2550
696 2460
696 2490
696 2520
677 2430
686 2520
669 2430
664 2430
669 2460
647 2360
656 2420
645 2380
633 2340
642 2400
622 2310
627 2370
621 2340
608 2300
618 2380
598 2270
600 2310
598 2310
581 2240
591 2310
574 2200
571 2200
573 2220
553 2110
563 2170
549 2090
542 2070
546 2110
526 2000
536 2060
525 2000
512 1950
520 2010
501 1910
504 1950
499 1920
483 1840
492 1890
476 1780
474 1790
473 1770
455 1670
465 1740
451 1640
445 1620
448 1630
430 1530
439 1580
428 1520
417 1470
423 1520
406 1400
412 1420
404 1370
390 1300
398 1340
384 1230
385 1240
382 1210
366 1130
376 1170
363 1080
358 1080
359 1090
344 990
352 1030
341 970
333 950
336 970
322 880
327 900
318 860
307 810
312 840
297 760
300 780
295 760
281 710
286 730
275 660
271 660
268 660
252 600
257 630
248 570
241 570
240 580
225 510
227 540
218 500
207 470
207 480
195 420
193 440
185 410
174 370
174 390
162 340
159 330
152 330
139 280
138 280
129 220
122 200
117 210
106 160
103 150
94 120
86 110
82 110
71 70
67 90
60 90
51 80
48 90
39 120
35 120
28 140
19 130
15 120
9 100
1 90
0 90
